<?xml version="1.0" encoding="UTF-8"?>
<testsuite name="com.jojoldu.book.springboot.web.dto.HelloResponseDtoTest" tests="1" skipped="0" failures="0" errors="0" timestamp="2021-01-19T14:10:48" hostname="JooEun-MacBookPro.local" time="0.166">
  <properties/>
  <testcase name="롬복_기능_테스트()" classname="com.jojoldu.book.springboot.web.dto.HelloResponseDtoTest" time="0.166"/>
  <system-out><![CDATA[]]></system-out>
  <system-err><![CDATA[]]></system-err>
</testsuite>
