<?xml version="1.0" encoding="UTF-8"?>
<testsuite name="com.jojoldu.book.springboot.domain.posts.PostsRepositoryTest" tests="2" skipped="0" failures="0" errors="0" timestamp="2021-01-21T09:54:45" hostname="JooEun-MacBookPro.local" time="0.068">
  <properties/>
  <testcase name="게시글저장_불러오기()" classname="com.jojoldu.book.springboot.domain.posts.PostsRepositoryTest" time="0.036"/>
  <testcase name="BaseTimeEntity_등록()" classname="com.jojoldu.book.springboot.domain.posts.PostsRepositoryTest" time="0.031"/>
  <system-out><![CDATA[2021-01-21 18:54:43.092  INFO 22245 --- [    Test worker] .b.t.c.SpringBootTestContextBootstrapper : Neither @ContextConfiguration nor @ContextHierarchy found for test class [com.jojoldu.book.springboot.domain.posts.PostsRepositoryTest], using SpringBootContextLoader
2021-01-21 18:54:43.093  INFO 22245 --- [    Test worker] o.s.t.c.support.AbstractContextLoader    : Could not detect default resource locations for test class [com.jojoldu.book.springboot.domain.posts.PostsRepositoryTest]: no resource found for suffixes {-context.xml, Context.groovy}.
2021-01-21 18:54:43.093  INFO 22245 --- [    Test worker] t.c.s.AnnotationConfigContextLoaderUtils : Could not detect default configuration classes for test class [com.jojoldu.book.springboot.domain.posts.PostsRepositoryTest]: PostsRepositoryTest does not declare any static, non-private, non-final, nested classes annotated with @Configuration.
2021-01-21 18:54:43.112  INFO 22245 --- [    Test worker] .b.t.c.SpringBootTestContextBootstrapper : Found @SpringBootConfiguration com.jojoldu.book.springboot.Application for test class com.jojoldu.book.springboot.domain.posts.PostsRepositoryTest
2021-01-21 18:54:43.116  INFO 22245 --- [    Test worker] .b.t.c.SpringBootTestContextBootstrapper : Loaded default TestExecutionListener class names from location [META-INF/spring.factories]: [org.springframework.security.test.context.support.WithSecurityContextTestExecutionListener, org.springframework.security.test.context.support.ReactorContextTestExecutionListener, org.springframework.boot.test.autoconfigure.restdocs.RestDocsTestExecutionListener, org.springframework.boot.test.autoconfigure.web.client.MockRestServiceServerResetTestExecutionListener, org.springframework.boot.test.autoconfigure.web.servlet.MockMvcPrintOnlyOnFailureTestExecutionListener, org.springframework.boot.test.autoconfigure.web.servlet.WebDriverTestExecutionListener, org.springframework.boot.test.autoconfigure.webservices.client.MockWebServiceServerTestExecutionListener, org.springframework.boot.test.mock.mockito.MockitoTestExecutionListener, org.springframework.boot.test.mock.mockito.ResetMocksTestExecutionListener, org.springframework.test.context.web.ServletTestExecutionListener, org.springframework.test.context.support.DirtiesContextBeforeModesTestExecutionListener, org.springframework.test.context.support.DependencyInjectionTestExecutionListener, org.springframework.test.context.support.DirtiesContextTestExecutionListener, org.springframework.test.context.transaction.TransactionalTestExecutionListener, org.springframework.test.context.jdbc.SqlScriptsTestExecutionListener, org.springframework.test.context.event.EventPublishingTestExecutionListener]
2021-01-21 18:54:43.117  INFO 22245 --- [    Test worker] .b.t.c.SpringBootTestContextBootstrapper : Using TestExecutionListeners: [org.springframework.test.context.web.ServletTestExecutionListener@24b43735, org.springframework.test.context.support.DirtiesContextBeforeModesTestExecutionListener@49b75dc5, org.springframework.boot.test.mock.mockito.MockitoTestExecutionListener@440408d6, org.springframework.boot.test.autoconfigure.SpringBootDependencyInjectionTestExecutionListener@378dded4, org.springframework.test.context.support.DirtiesContextTestExecutionListener@32054a8f, org.springframework.test.context.transaction.TransactionalTestExecutionListener@412f707f, org.springframework.test.context.jdbc.SqlScriptsTestExecutionListener@25099234, org.springframework.security.test.context.support.WithSecurityContextTestExecutionListener@7c2b833f, org.springframework.test.context.event.EventPublishingTestExecutionListener@64e2ff07, org.springframework.security.test.context.support.ReactorContextTestExecutionListener@5ef4d76c, org.springframework.boot.test.autoconfigure.restdocs.RestDocsTestExecutionListener@378566b4, org.springframework.boot.test.autoconfigure.web.client.MockRestServiceServerResetTestExecutionListener@17172900, org.springframework.boot.test.autoconfigure.web.servlet.MockMvcPrintOnlyOnFailureTestExecutionListener@647ee622, org.springframework.boot.test.autoconfigure.web.servlet.WebDriverTestExecutionListener@1c490276, org.springframework.boot.test.autoconfigure.webservices.client.MockWebServiceServerTestExecutionListener@e5678d, org.springframework.boot.test.mock.mockito.ResetMocksTestExecutionListener@2e9401b8]

  .   ____          _            __ _ _
 /\\ / ___'_ __ _ _(_)_ __  __ _ \ \ \ \
( ( )\___ | '_ | '_| | '_ \/ _` | \ \ \ \
 \\/  ___)| |_)| | | | | || (_| |  ) ) ) )
  '  |____| .__|_| |_|_| |_\__, | / / / /
 =========|_|==============|___/=/_/_/_/
 :: Spring Boot ::                (v2.4.1)

2021-01-21 18:54:43.191  INFO 22245 --- [    Test worker] c.j.b.s.d.posts.PostsRepositoryTest      : Starting PostsRepositoryTest using Java 1.8.0_231 on JooEun-MacBookPro.local with PID 22245 (started by jooeunchung in /Users/jooeunchung/IdeaProjects/freelec-springboot2-webservice)
2021-01-21 18:54:43.192  INFO 22245 --- [    Test worker] c.j.b.s.d.posts.PostsRepositoryTest      : No active profile set, falling back to default profiles: default
2021-01-21 18:54:43.574  INFO 22245 --- [    Test worker] .s.d.r.c.RepositoryConfigurationDelegate : Bootstrapping Spring Data JPA repositories in DEFAULT mode.
2021-01-21 18:54:43.599  INFO 22245 --- [    Test worker] .s.d.r.c.RepositoryConfigurationDelegate : Finished Spring Data repository scanning in 23 ms. Found 2 JPA repository interfaces.
2021-01-21 18:54:43.890  INFO 22245 --- [    Test worker] com.zaxxer.hikari.HikariDataSource       : HikariPool-2 - Starting...
2021-01-21 18:54:43.902  INFO 22245 --- [    Test worker] com.zaxxer.hikari.HikariDataSource       : HikariPool-2 - Start completed.
2021-01-21 18:54:43.928  INFO 22245 --- [    Test worker] o.hibernate.jpa.internal.util.LogHelper  : HHH000204: Processing PersistenceUnitInfo [name: default]
2021-01-21 18:54:43.946  INFO 22245 --- [    Test worker] org.hibernate.dialect.Dialect            : HHH000400: Using dialect: org.hibernate.dialect.MySQL57Dialect
Hibernate: drop table if exists posts
Hibernate: drop table if exists user
Hibernate: create table posts (id bigint not null auto_increment, create_date datetime(6), modified_date datetime(6), author varchar(255), content TEXT not null, title varchar(500) not null, primary key (id)) engine=InnoDB
Hibernate: create table user (id bigint not null auto_increment, create_date datetime(6), modified_date datetime(6), email varchar(255) not null, name varchar(255) not null, picture varchar(255), role varchar(255) not null, primary key (id)) engine=InnoDB
2021-01-21 18:54:44.040  INFO 22245 --- [    Test worker] o.h.e.t.j.p.i.JtaPlatformInitiator       : HHH000490: Using JtaPlatform implementation: [org.hibernate.engine.transaction.jta.platform.internal.NoJtaPlatform]
2021-01-21 18:54:44.041  INFO 22245 --- [    Test worker] j.LocalContainerEntityManagerFactoryBean : Initialized JPA EntityManagerFactory for persistence unit 'default'
2021-01-21 18:54:44.263  WARN 22245 --- [    Test worker] JpaBaseConfiguration$JpaWebConfiguration : spring.jpa.open-in-view is enabled by default. Therefore, database queries may be performed during view rendering. Explicitly configure spring.jpa.open-in-view to disable this warning
2021-01-21 18:54:44.553  INFO 22245 --- [    Test worker] o.s.s.web.DefaultSecurityFilterChain     : Will secure any request with [org.springframework.security.web.context.request.async.WebAsyncManagerIntegrationFilter@cd4777f, org.springframework.security.web.context.SecurityContextPersistenceFilter@71070abc, org.springframework.security.web.header.HeaderWriterFilter@7c554d3f, org.springframework.security.web.authentication.logout.LogoutFilter@670483e9, org.springframework.security.oauth2.client.web.OAuth2AuthorizationRequestRedirectFilter@41fd09f1, org.springframework.security.oauth2.client.web.OAuth2LoginAuthenticationFilter@30f01f01, org.springframework.security.web.authentication.ui.DefaultLoginPageGeneratingFilter@2f5add38, org.springframework.security.web.authentication.ui.DefaultLogoutPageGeneratingFilter@a135cb1, org.springframework.security.web.savedrequest.RequestCacheAwareFilter@43d8438f, org.springframework.security.web.servletapi.SecurityContextHolderAwareRequestFilter@15b2d27e, org.springframework.security.web.authentication.AnonymousAuthenticationFilter@23887e83, org.springframework.security.web.session.SessionManagementFilter@47efb7bf, org.springframework.security.web.access.ExceptionTranslationFilter@7578f2a9, org.springframework.security.web.access.intercept.FilterSecurityInterceptor@42d8933f]
2021-01-21 18:54:44.823  INFO 22245 --- [    Test worker] o.s.s.concurrent.ThreadPoolTaskExecutor  : Initializing ExecutorService 'applicationTaskExecutor'
2021-01-21 18:54:44.851  INFO 22245 --- [    Test worker] o.s.b.a.h2.H2ConsoleAutoConfiguration    : H2 console available at '/h2-console'. Database available at 'jdbc:h2:mem:testdb'
2021-01-21 18:54:44.894  INFO 22245 --- [    Test worker] o.s.b.a.w.s.WelcomePageHandlerMapping    : Adding welcome page template: index
2021-01-21 18:54:45.243  INFO 22245 --- [    Test worker] s.a.ScheduledAnnotationBeanPostProcessor : No TaskScheduler/ScheduledExecutorService bean found for scheduled processing
2021-01-21 18:54:45.244  INFO 22245 --- [    Test worker] c.j.b.s.d.posts.PostsRepositoryTest      : Started PostsRepositoryTest in 2.123 seconds (JVM running for 17.857)
Hibernate: insert into posts (create_date, modified_date, author, content, title) values (?, ?, ?, ?, ?)
Hibernate: select posts0_.id as id1_0_, posts0_.create_date as create_d2_0_, posts0_.modified_date as modified3_0_, posts0_.author as author4_0_, posts0_.content as content5_0_, posts0_.title as title6_0_ from posts posts0_
Hibernate: select posts0_.id as id1_0_, posts0_.create_date as create_d2_0_, posts0_.modified_date as modified3_0_, posts0_.author as author4_0_, posts0_.content as content5_0_, posts0_.title as title6_0_ from posts posts0_
Hibernate: delete from posts where id=?
Hibernate: insert into posts (create_date, modified_date, author, content, title) values (?, ?, ?, ?, ?)
Hibernate: select posts0_.id as id1_0_, posts0_.create_date as create_d2_0_, posts0_.modified_date as modified3_0_, posts0_.author as author4_0_, posts0_.content as content5_0_, posts0_.title as title6_0_ from posts posts0_
>>>>>>>>>> createDate = 2021-01-21T18:54:45.291, modifiedDate = 2021-01-21T18:54:45.291
Hibernate: select posts0_.id as id1_0_, posts0_.create_date as create_d2_0_, posts0_.modified_date as modified3_0_, posts0_.author as author4_0_, posts0_.content as content5_0_, posts0_.title as title6_0_ from posts posts0_
Hibernate: delete from posts where id=?
]]></system-out>
  <system-err><![CDATA[]]></system-err>
</testsuite>
