<?xml version="1.0" encoding="UTF-8"?>
<testsuite name="com.jojoldu.book.springboot.web.IndexControllerTest" tests="1" skipped="0" failures="0" errors="0" timestamp="2021-01-21T09:54:42" hostname="JooEun-MacBookPro.local" time="0.392">
  <properties/>
  <testcase name="메인페이지_로딩()" classname="com.jojoldu.book.springboot.web.IndexControllerTest" time="0.392"/>
  <system-out><![CDATA[2021-01-21 18:54:35.185  INFO 22245 --- [    Test worker] .b.t.c.SpringBootTestContextBootstrapper : Neither @ContextConfiguration nor @ContextHierarchy found for test class [com.jojoldu.book.springboot.web.IndexControllerTest], using SpringBootContextLoader
2021-01-21 18:54:35.187  INFO 22245 --- [    Test worker] o.s.t.c.support.AbstractContextLoader    : Could not detect default resource locations for test class [com.jojoldu.book.springboot.web.IndexControllerTest]: no resource found for suffixes {-context.xml, Context.groovy}.
2021-01-21 18:54:35.187  INFO 22245 --- [    Test worker] t.c.s.AnnotationConfigContextLoaderUtils : Could not detect default configuration classes for test class [com.jojoldu.book.springboot.web.IndexControllerTest]: IndexControllerTest does not declare any static, non-private, non-final, nested classes annotated with @Configuration.
2021-01-21 18:54:35.217  INFO 22245 --- [    Test worker] .b.t.c.SpringBootTestContextBootstrapper : Found @SpringBootConfiguration com.jojoldu.book.springboot.Application for test class com.jojoldu.book.springboot.web.IndexControllerTest
2021-01-21 18:54:35.227  INFO 22245 --- [    Test worker] .b.t.c.SpringBootTestContextBootstrapper : Loaded default TestExecutionListener class names from location [META-INF/spring.factories]: [org.springframework.security.test.context.support.WithSecurityContextTestExecutionListener, org.springframework.security.test.context.support.ReactorContextTestExecutionListener, org.springframework.boot.test.autoconfigure.restdocs.RestDocsTestExecutionListener, org.springframework.boot.test.autoconfigure.web.client.MockRestServiceServerResetTestExecutionListener, org.springframework.boot.test.autoconfigure.web.servlet.MockMvcPrintOnlyOnFailureTestExecutionListener, org.springframework.boot.test.autoconfigure.web.servlet.WebDriverTestExecutionListener, org.springframework.boot.test.autoconfigure.webservices.client.MockWebServiceServerTestExecutionListener, org.springframework.boot.test.mock.mockito.MockitoTestExecutionListener, org.springframework.boot.test.mock.mockito.ResetMocksTestExecutionListener, org.springframework.test.context.web.ServletTestExecutionListener, org.springframework.test.context.support.DirtiesContextBeforeModesTestExecutionListener, org.springframework.test.context.support.DependencyInjectionTestExecutionListener, org.springframework.test.context.support.DirtiesContextTestExecutionListener, org.springframework.test.context.transaction.TransactionalTestExecutionListener, org.springframework.test.context.jdbc.SqlScriptsTestExecutionListener, org.springframework.test.context.event.EventPublishingTestExecutionListener]
2021-01-21 18:54:35.235  INFO 22245 --- [    Test worker] .b.t.c.SpringBootTestContextBootstrapper : Using TestExecutionListeners: [org.springframework.test.context.web.ServletTestExecutionListener@4216fa8c, org.springframework.test.context.support.DirtiesContextBeforeModesTestExecutionListener@311f06cb, org.springframework.boot.test.mock.mockito.MockitoTestExecutionListener@20671037, org.springframework.boot.test.autoconfigure.SpringBootDependencyInjectionTestExecutionListener@10462da, org.springframework.test.context.support.DirtiesContextTestExecutionListener@74333aec, org.springframework.test.context.transaction.TransactionalTestExecutionListener@3dd353ff, org.springframework.test.context.jdbc.SqlScriptsTestExecutionListener@252d1ada, org.springframework.security.test.context.support.WithSecurityContextTestExecutionListener@71dbe17, org.springframework.test.context.event.EventPublishingTestExecutionListener@6a940042, org.springframework.security.test.context.support.ReactorContextTestExecutionListener@4d7fea44, org.springframework.boot.test.autoconfigure.restdocs.RestDocsTestExecutionListener@c9c2fb, org.springframework.boot.test.autoconfigure.web.client.MockRestServiceServerResetTestExecutionListener@6ace39f3, org.springframework.boot.test.autoconfigure.web.servlet.MockMvcPrintOnlyOnFailureTestExecutionListener@2092b2f8, org.springframework.boot.test.autoconfigure.web.servlet.WebDriverTestExecutionListener@128d4164, org.springframework.boot.test.autoconfigure.webservices.client.MockWebServiceServerTestExecutionListener@5c9d97d4, org.springframework.boot.test.mock.mockito.ResetMocksTestExecutionListener@47873c15]

  .   ____          _            __ _ _
 /\\ / ___'_ __ _ _(_)_ __  __ _ \ \ \ \
( ( )\___ | '_ | '_| | '_ \/ _` | \ \ \ \
 \\/  ___)| |_)| | | | | || (_| |  ) ) ) )
  '  |____| .__|_| |_|_| |_\__, | / / / /
 =========|_|==============|___/=/_/_/_/
 :: Spring Boot ::                (v2.4.1)

2021-01-21 18:54:35.331  INFO 22245 --- [    Test worker] c.j.b.s.web.IndexControllerTest          : Starting IndexControllerTest using Java 1.8.0_231 on JooEun-MacBookPro.local with PID 22245 (started by jooeunchung in /Users/jooeunchung/IdeaProjects/freelec-springboot2-webservice)
2021-01-21 18:54:35.335  INFO 22245 --- [    Test worker] c.j.b.s.web.IndexControllerTest          : No active profile set, falling back to default profiles: default
2021-01-21 18:54:36.009  INFO 22245 --- [    Test worker] .s.d.r.c.RepositoryConfigurationDelegate : Bootstrapping Spring Data JPA repositories in DEFAULT mode.
2021-01-21 18:54:36.098  INFO 22245 --- [    Test worker] .s.d.r.c.RepositoryConfigurationDelegate : Finished Spring Data repository scanning in 80 ms. Found 2 JPA repository interfaces.
2021-01-21 18:54:36.894  INFO 22245 --- [    Test worker] o.s.b.w.embedded.tomcat.TomcatWebServer  : Tomcat initialized with port(s): 0 (http)
2021-01-21 18:54:36.913  INFO 22245 --- [    Test worker] o.apache.catalina.core.StandardService   : Starting service [Tomcat]
2021-01-21 18:54:36.914  INFO 22245 --- [    Test worker] org.apache.catalina.core.StandardEngine  : Starting Servlet engine: [Apache Tomcat/9.0.41]
2021-01-21 18:54:37.144  INFO 22245 --- [    Test worker] o.a.c.c.C.[Tomcat].[localhost].[/]       : Initializing Spring embedded WebApplicationContext
2021-01-21 18:54:37.144  INFO 22245 --- [    Test worker] w.s.c.ServletWebServerApplicationContext : Root WebApplicationContext: initialization completed in 1793 ms
2021-01-21 18:54:37.256  INFO 22245 --- [    Test worker] com.zaxxer.hikari.HikariDataSource       : HikariPool-1 - Starting...
2021-01-21 18:54:37.768  INFO 22245 --- [    Test worker] com.zaxxer.hikari.HikariDataSource       : HikariPool-1 - Start completed.
2021-01-21 18:54:37.791  INFO 22245 --- [    Test worker] o.s.b.a.h2.H2ConsoleAutoConfiguration    : H2 console available at '/h2-console'. Database available at 'jdbc:h2:mem:testdb'
2021-01-21 18:54:38.289  INFO 22245 --- [    Test worker] o.hibernate.jpa.internal.util.LogHelper  : HHH000204: Processing PersistenceUnitInfo [name: default]
2021-01-21 18:54:38.402  INFO 22245 --- [    Test worker] org.hibernate.Version                    : HHH000412: Hibernate ORM core version 5.4.25.Final
2021-01-21 18:54:38.507  INFO 22245 --- [    Test worker] o.hibernate.annotations.common.Version   : HCANN000001: Hibernate Commons Annotations {5.1.2.Final}
2021-01-21 18:54:38.748  INFO 22245 --- [    Test worker] org.hibernate.dialect.Dialect            : HHH000400: Using dialect: org.hibernate.dialect.MySQL57Dialect
Hibernate: drop table if exists posts
Hibernate: drop table if exists user
Hibernate: create table posts (id bigint not null auto_increment, create_date datetime(6), modified_date datetime(6), author varchar(255), content TEXT not null, title varchar(500) not null, primary key (id)) engine=InnoDB
Hibernate: create table user (id bigint not null auto_increment, create_date datetime(6), modified_date datetime(6), email varchar(255) not null, name varchar(255) not null, picture varchar(255), role varchar(255) not null, primary key (id)) engine=InnoDB
2021-01-21 18:54:40.009  INFO 22245 --- [    Test worker] o.h.e.t.j.p.i.JtaPlatformInitiator       : HHH000490: Using JtaPlatform implementation: [org.hibernate.engine.transaction.jta.platform.internal.NoJtaPlatform]
2021-01-21 18:54:40.022  INFO 22245 --- [    Test worker] j.LocalContainerEntityManagerFactoryBean : Initialized JPA EntityManagerFactory for persistence unit 'default'
2021-01-21 18:54:40.953  WARN 22245 --- [    Test worker] JpaBaseConfiguration$JpaWebConfiguration : spring.jpa.open-in-view is enabled by default. Therefore, database queries may be performed during view rendering. Explicitly configure spring.jpa.open-in-view to disable this warning
2021-01-21 18:54:41.538  INFO 22245 --- [    Test worker] o.s.s.web.DefaultSecurityFilterChain     : Will secure any request with [org.springframework.security.web.context.request.async.WebAsyncManagerIntegrationFilter@1aabdbe7, org.springframework.security.web.context.SecurityContextPersistenceFilter@51da33a3, org.springframework.security.web.header.HeaderWriterFilter@3ab0c93, org.springframework.security.web.authentication.logout.LogoutFilter@69349e39, org.springframework.security.oauth2.client.web.OAuth2AuthorizationRequestRedirectFilter@564b5f9b, org.springframework.security.oauth2.client.web.OAuth2LoginAuthenticationFilter@48dd01c8, org.springframework.security.web.authentication.ui.DefaultLoginPageGeneratingFilter@33a2ade1, org.springframework.security.web.authentication.ui.DefaultLogoutPageGeneratingFilter@10c2948c, org.springframework.security.web.savedrequest.RequestCacheAwareFilter@27afa48c, org.springframework.security.web.servletapi.SecurityContextHolderAwareRequestFilter@7c3beb7e, org.springframework.security.web.authentication.AnonymousAuthenticationFilter@1cf9a688, org.springframework.security.web.session.SessionManagementFilter@3aeeb717, org.springframework.security.web.access.ExceptionTranslationFilter@6cf34e0a, org.springframework.security.web.access.intercept.FilterSecurityInterceptor@775fb781]
2021-01-21 18:54:41.739  INFO 22245 --- [    Test worker] o.s.s.concurrent.ThreadPoolTaskExecutor  : Initializing ExecutorService 'applicationTaskExecutor'
2021-01-21 18:54:41.810  INFO 22245 --- [    Test worker] o.s.b.a.w.s.WelcomePageHandlerMapping    : Adding welcome page template: index
2021-01-21 18:54:42.227  INFO 22245 --- [    Test worker] o.s.b.w.embedded.tomcat.TomcatWebServer  : Tomcat started on port(s): 63153 (http) with context path ''
2021-01-21 18:54:42.261  INFO 22245 --- [    Test worker] s.a.ScheduledAnnotationBeanPostProcessor : No TaskScheduler/ScheduledExecutorService bean found for scheduled processing
2021-01-21 18:54:42.275  INFO 22245 --- [    Test worker] c.j.b.s.web.IndexControllerTest          : Started IndexControllerTest in 7.034 seconds (JVM running for 14.888)
2021-01-21 18:54:42.506  INFO 22245 --- [o-auto-1-exec-1] o.a.c.c.C.[Tomcat].[localhost].[/]       : Initializing Spring DispatcherServlet 'dispatcherServlet'
2021-01-21 18:54:42.506  INFO 22245 --- [o-auto-1-exec-1] o.s.web.servlet.DispatcherServlet        : Initializing Servlet 'dispatcherServlet'
2021-01-21 18:54:42.507  INFO 22245 --- [o-auto-1-exec-1] o.s.web.servlet.DispatcherServlet        : Completed initialization in 1 ms
Hibernate: select posts0_.id as id1_0_, posts0_.create_date as create_d2_0_, posts0_.modified_date as modified3_0_, posts0_.author as author4_0_, posts0_.content as content5_0_, posts0_.title as title6_0_ from posts posts0_ order by posts0_.id DESC
]]></system-out>
  <system-err><![CDATA[]]></system-err>
</testsuite>
