<?xml version="1.0" encoding="UTF-8"?>
<testsuite name="com.jojoldu.book.springboot.domain.posts.PostsRepositoryTest" tests="2" skipped="0" failures="0" errors="0" timestamp="2021-01-19T14:11:03" hostname="JooEun-MacBookPro.local" time="0.064">
  <properties/>
  <testcase name="게시글저장_불러오기()" classname="com.jojoldu.book.springboot.domain.posts.PostsRepositoryTest" time="0.03"/>
  <testcase name="BaseTimeEntity_등록()" classname="com.jojoldu.book.springboot.domain.posts.PostsRepositoryTest" time="0.033"/>
  <system-out><![CDATA[2021-01-19 23:11:01.669  INFO 16610 --- [    Test worker] .b.t.c.SpringBootTestContextBootstrapper : Neither @ContextConfiguration nor @ContextHierarchy found for test class [com.jojoldu.book.springboot.domain.posts.PostsRepositoryTest], using SpringBootContextLoader
2021-01-19 23:11:01.671  INFO 16610 --- [    Test worker] o.s.t.c.support.AbstractContextLoader    : Could not detect default resource locations for test class [com.jojoldu.book.springboot.domain.posts.PostsRepositoryTest]: no resource found for suffixes {-context.xml, Context.groovy}.
2021-01-19 23:11:01.672  INFO 16610 --- [    Test worker] t.c.s.AnnotationConfigContextLoaderUtils : Could not detect default configuration classes for test class [com.jojoldu.book.springboot.domain.posts.PostsRepositoryTest]: PostsRepositoryTest does not declare any static, non-private, non-final, nested classes annotated with @Configuration.
2021-01-19 23:11:01.679  INFO 16610 --- [    Test worker] .b.t.c.SpringBootTestContextBootstrapper : Found @SpringBootConfiguration com.jojoldu.book.springboot.Application for test class com.jojoldu.book.springboot.domain.posts.PostsRepositoryTest
2021-01-19 23:11:01.692  INFO 16610 --- [    Test worker] .b.t.c.SpringBootTestContextBootstrapper : Loaded default TestExecutionListener class names from location [META-INF/spring.factories]: [org.springframework.security.test.context.support.WithSecurityContextTestExecutionListener, org.springframework.security.test.context.support.ReactorContextTestExecutionListener, org.springframework.boot.test.autoconfigure.restdocs.RestDocsTestExecutionListener, org.springframework.boot.test.autoconfigure.web.client.MockRestServiceServerResetTestExecutionListener, org.springframework.boot.test.autoconfigure.web.servlet.MockMvcPrintOnlyOnFailureTestExecutionListener, org.springframework.boot.test.autoconfigure.web.servlet.WebDriverTestExecutionListener, org.springframework.boot.test.autoconfigure.webservices.client.MockWebServiceServerTestExecutionListener, org.springframework.boot.test.mock.mockito.MockitoTestExecutionListener, org.springframework.boot.test.mock.mockito.ResetMocksTestExecutionListener, org.springframework.test.context.web.ServletTestExecutionListener, org.springframework.test.context.support.DirtiesContextBeforeModesTestExecutionListener, org.springframework.test.context.support.DependencyInjectionTestExecutionListener, org.springframework.test.context.support.DirtiesContextTestExecutionListener, org.springframework.test.context.transaction.TransactionalTestExecutionListener, org.springframework.test.context.jdbc.SqlScriptsTestExecutionListener, org.springframework.test.context.event.EventPublishingTestExecutionListener]
2021-01-19 23:11:01.700  INFO 16610 --- [    Test worker] .b.t.c.SpringBootTestContextBootstrapper : Using TestExecutionListeners: [org.springframework.test.context.web.ServletTestExecutionListener@5b6f9eed, org.springframework.test.context.support.DirtiesContextBeforeModesTestExecutionListener@34f0bc88, org.springframework.boot.test.mock.mockito.MockitoTestExecutionListener@422d6700, org.springframework.boot.test.autoconfigure.SpringBootDependencyInjectionTestExecutionListener@3cda12a7, org.springframework.test.context.support.DirtiesContextTestExecutionListener@1b656b27, org.springframework.test.context.transaction.TransactionalTestExecutionListener@2a40903f, org.springframework.test.context.jdbc.SqlScriptsTestExecutionListener@37cf710, org.springframework.security.test.context.support.WithSecurityContextTestExecutionListener@6f5f82f2, org.springframework.test.context.event.EventPublishingTestExecutionListener@5fd3f06d, org.springframework.security.test.context.support.ReactorContextTestExecutionListener@71bc52c0, org.springframework.boot.test.autoconfigure.restdocs.RestDocsTestExecutionListener@151cff90, org.springframework.boot.test.autoconfigure.web.client.MockRestServiceServerResetTestExecutionListener@647b7d3, org.springframework.boot.test.autoconfigure.web.servlet.MockMvcPrintOnlyOnFailureTestExecutionListener@46d76fee, org.springframework.boot.test.autoconfigure.web.servlet.WebDriverTestExecutionListener@55ee1fa6, org.springframework.boot.test.autoconfigure.webservices.client.MockWebServiceServerTestExecutionListener@277c8af4, org.springframework.boot.test.mock.mockito.ResetMocksTestExecutionListener@1c3e58e7]

  .   ____          _            __ _ _
 /\\ / ___'_ __ _ _(_)_ __  __ _ \ \ \ \
( ( )\___ | '_ | '_| | '_ \/ _` | \ \ \ \
 \\/  ___)| |_)| | | | | || (_| |  ) ) ) )
  '  |____| .__|_| |_|_| |_\__, | / / / /
 =========|_|==============|___/=/_/_/_/
 :: Spring Boot ::                (v2.4.1)

2021-01-19 23:11:01.744  INFO 16610 --- [    Test worker] c.j.b.s.d.posts.PostsRepositoryTest      : Starting PostsRepositoryTest using Java 1.8.0_231 on JooEun-MacBookPro.local with PID 16610 (started by jooeunchung in /Users/jooeunchung/IdeaProjects/freelec-springboot2-webservice)
2021-01-19 23:11:01.750  INFO 16610 --- [    Test worker] c.j.b.s.d.posts.PostsRepositoryTest      : No active profile set, falling back to default profiles: default
2021-01-19 23:11:02.010  INFO 16610 --- [    Test worker] .s.d.r.c.RepositoryConfigurationDelegate : Bootstrapping Spring Data JPA repositories in DEFAULT mode.
2021-01-19 23:11:02.054  INFO 16610 --- [    Test worker] .s.d.r.c.RepositoryConfigurationDelegate : Finished Spring Data repository scanning in 43 ms. Found 2 JPA repository interfaces.
2021-01-19 23:11:02.283  INFO 16610 --- [    Test worker] com.zaxxer.hikari.HikariDataSource       : HikariPool-2 - Starting...
2021-01-19 23:11:02.287  INFO 16610 --- [    Test worker] com.zaxxer.hikari.HikariDataSource       : HikariPool-2 - Start completed.
2021-01-19 23:11:02.317  INFO 16610 --- [    Test worker] o.hibernate.jpa.internal.util.LogHelper  : HHH000204: Processing PersistenceUnitInfo [name: default]
2021-01-19 23:11:02.323  INFO 16610 --- [    Test worker] org.hibernate.dialect.Dialect            : HHH000400: Using dialect: org.hibernate.dialect.MySQL57Dialect
Hibernate: drop table if exists posts
Hibernate: drop table if exists user
Hibernate: create table posts (id bigint not null auto_increment, create_date datetime(6), modified_date datetime(6), author varchar(255), content TEXT not null, title varchar(500) not null, primary key (id)) engine=InnoDB
Hibernate: create table user (id bigint not null auto_increment, create_date datetime(6), modified_date datetime(6), email varchar(255) not null, name varchar(255) not null, picture varchar(255), role varchar(255) not null, primary key (id)) engine=InnoDB
2021-01-19 23:11:02.425  INFO 16610 --- [    Test worker] o.h.e.t.j.p.i.JtaPlatformInitiator       : HHH000490: Using JtaPlatform implementation: [org.hibernate.engine.transaction.jta.platform.internal.NoJtaPlatform]
2021-01-19 23:11:02.425  INFO 16610 --- [    Test worker] j.LocalContainerEntityManagerFactoryBean : Initialized JPA EntityManagerFactory for persistence unit 'default'
2021-01-19 23:11:02.623  WARN 16610 --- [    Test worker] JpaBaseConfiguration$JpaWebConfiguration : spring.jpa.open-in-view is enabled by default. Therefore, database queries may be performed during view rendering. Explicitly configure spring.jpa.open-in-view to disable this warning
2021-01-19 23:11:02.918  INFO 16610 --- [    Test worker] o.s.s.web.DefaultSecurityFilterChain     : Will secure any request with [org.springframework.security.web.context.request.async.WebAsyncManagerIntegrationFilter@5d0824cc, org.springframework.security.web.context.SecurityContextPersistenceFilter@f888c32, org.springframework.security.web.header.HeaderWriterFilter@5d491233, org.springframework.security.web.authentication.logout.LogoutFilter@190c92fb, org.springframework.security.oauth2.client.web.OAuth2AuthorizationRequestRedirectFilter@2efcf8f7, org.springframework.security.oauth2.client.web.OAuth2LoginAuthenticationFilter@5d1ed5f2, org.springframework.security.web.authentication.ui.DefaultLoginPageGeneratingFilter@526c0bed, org.springframework.security.web.authentication.ui.DefaultLogoutPageGeneratingFilter@31989170, org.springframework.security.web.savedrequest.RequestCacheAwareFilter@4bb97f6b, org.springframework.security.web.servletapi.SecurityContextHolderAwareRequestFilter@5ef424a5, org.springframework.security.web.authentication.AnonymousAuthenticationFilter@78eaecf4, org.springframework.security.web.session.SessionManagementFilter@9190b6, org.springframework.security.web.access.ExceptionTranslationFilter@238cff2f, org.springframework.security.web.access.intercept.FilterSecurityInterceptor@192eba5f]
2021-01-19 23:11:03.299  INFO 16610 --- [    Test worker] o.s.s.concurrent.ThreadPoolTaskExecutor  : Initializing ExecutorService 'applicationTaskExecutor'
2021-01-19 23:11:03.326  INFO 16610 --- [    Test worker] o.s.b.a.h2.H2ConsoleAutoConfiguration    : H2 console available at '/h2-console'. Database available at 'jdbc:h2:mem:testdb'
2021-01-19 23:11:03.384  INFO 16610 --- [    Test worker] o.s.b.a.w.s.WelcomePageHandlerMapping    : Adding welcome page template: index
2021-01-19 23:11:03.903  INFO 16610 --- [    Test worker] s.a.ScheduledAnnotationBeanPostProcessor : No TaskScheduler/ScheduledExecutorService bean found for scheduled processing
2021-01-19 23:11:03.905  INFO 16610 --- [    Test worker] c.j.b.s.d.posts.PostsRepositoryTest      : Started PostsRepositoryTest in 2.202 seconds (JVM running for 17.194)
Hibernate: insert into posts (create_date, modified_date, author, content, title) values (?, ?, ?, ?, ?)
Hibernate: select posts0_.id as id1_0_, posts0_.create_date as create_d2_0_, posts0_.modified_date as modified3_0_, posts0_.author as author4_0_, posts0_.content as content5_0_, posts0_.title as title6_0_ from posts posts0_
Hibernate: select posts0_.id as id1_0_, posts0_.create_date as create_d2_0_, posts0_.modified_date as modified3_0_, posts0_.author as author4_0_, posts0_.content as content5_0_, posts0_.title as title6_0_ from posts posts0_
Hibernate: delete from posts where id=?
Hibernate: insert into posts (create_date, modified_date, author, content, title) values (?, ?, ?, ?, ?)
Hibernate: select posts0_.id as id1_0_, posts0_.create_date as create_d2_0_, posts0_.modified_date as modified3_0_, posts0_.author as author4_0_, posts0_.content as content5_0_, posts0_.title as title6_0_ from posts posts0_
>>>>>>>>>> createDate = 2021-01-19T23:11:03.944, modifiedDate = 2021-01-19T23:11:03.944
Hibernate: select posts0_.id as id1_0_, posts0_.create_date as create_d2_0_, posts0_.modified_date as modified3_0_, posts0_.author as author4_0_, posts0_.content as content5_0_, posts0_.title as title6_0_ from posts posts0_
Hibernate: delete from posts where id=?
]]></system-out>
  <system-err><![CDATA[]]></system-err>
</testsuite>
